0.35s - pydevd: Use libraries filter: False

0.00s - IDE_PROJECT_ROOTS []

0.00s - Collecting default library roots.
0.00s - LIBRARY_ROOTS ['C:\\Python\\Python39', 'C:\\Python\\Python39\\Lib', 'C:\\Python\\Python39\\Lib\\site-packages', 'C:\\Python\\Python39\\lib\\site-packages', 'C:\\Users\\philippe.crassous\\AppData\\Roaming\\Python\\Python39\\site-packages']

0.00s - Apply debug mode: debugpy-dap
0.00s - Preimport: C:\Python\Python39\lib\site-packages;debugpy._vendored.force_pydevd
0.00s - Connecting to 127.0.0.1:49752
0.00s - Connected.
0.00s - Applying patching to hide pydevd threads (Py3 version).
0.00s - Process PydevdAuthorizeRequest: {
    "arguments": {
        "debugServerAccessToken": "bf9deeb01e6df9228674339c879032107353e951ce8044a1d5d13dab7bbf2c1b"
    },
    "command": "pydevdAuthorize",
    "seq": 1,
    "type": "request"
}

0.00s - sending cmd (http_json) -->           CMD_RETURN {"type": "response", "request_seq": 1, "success": true, "command": "pydevdAuthorize", "body": {"clientAccessToken": null}, "seq": 2, "pydevd_cmd_id": 502}

0.00s - Process PydevdSystemInfoRequest: {
    "arguments": {},
    "command": "pydevdSystemInfo",
    "seq": 2,
    "type": "request"
}

0.06s - sending cmd (http_json) -->           CMD_RETURN {"type": "response", "request_seq": 2, "success": true, "command": "pydevdSystemInfo", "body": {"python": {"version": "3.9.17final0", "implementation": {"name": "cpython", "version": "3.9.17final0", "description": "CPython"}}, "platform": {"name": "win32"}, "process": {"pid": 231712, "ppid": 234144, "executable": "D:\\repos\\github\\feeefeee\\debugpy11\\src\\app1\\x64\\Debug\\app1.exe", "bitness": 64}, "pydevd": {"usingCython": true, "usingFrameEval": false}}, "seq": 4, "pydevd_cmd_id": 502}

0.04s - Helper lib to set tracing to all threads not loaded.
0.00s - Unable to load helper lib to set tracing to all threads (unsupported python vm).
0.00s - Unable to load helper lib to set tracing to all threads (unsupported python vm).
0.00s - Unable to load helper lib to set tracing to all threads (unsupported python vm).
0.00s - Unable to load helper lib to set tracing to all threads (unsupported python vm).
0.00s - Unable to load helper lib to set tracing to all threads (unsupported python vm).
0.00s - Unable to load helper lib to set tracing to all threads (unsupported python vm).
0.00s - Unable to load helper lib to set tracing to all threads (unsupported python vm).
0.00s - SKIP set tracing of frame: C:\Python\Python39\Lib\threading.py - wait
0.00s - SKIP set tracing of frame: C:\Python\Python39\Lib\threading.py - wait
0.00s - SKIP set tracing of frame: C:\Python\Python39\lib\site-packages\debugpy\_vendored\pydevd\pydevd.py - _on_run
0.00s - SKIP set tracing of frame: C:\Python\Python39\lib\site-packages\debugpy\_vendored\pydevd\_pydevd_bundle\pydevd_daemon_thread.py - run
0.00s - SKIP set tracing of frame: C:\Python\Python39\Lib\threading.py - _bootstrap_inner
0.00s - SKIP set tracing of frame: C:\Python\Python39\Lib\threading.py - _bootstrap
0.00s - SKIP set tracing of frame: C:\Python\Python39\Lib\threading.py - wait
0.00s - SKIP set tracing of frame: C:\Python\Python39\Lib\threading.py - wait
0.00s - SKIP set tracing of frame: C:\Python\Python39\lib\site-packages\debugpy\_vendored\pydevd\pydevd.py - _on_run
0.00s - SKIP set tracing of frame: C:\Python\Python39\lib\site-packages\debugpy\_vendored\pydevd\_pydevd_bundle\pydevd_daemon_thread.py - run
0.00s - SKIP set tracing of frame: C:\Python\Python39\Lib\threading.py - _bootstrap_inner
0.00s - SKIP set tracing of frame: C:\Python\Python39\Lib\threading.py - _bootstrap
0.00s - SKIP set tracing of frame: C:\Python\Python39\lib\site-packages\debugpy\_vendored\pydevd\_pydevd_bundle\pydevd_comm.py - _read_line
0.00s - SKIP set tracing of frame: C:\Python\Python39\lib\site-packages\debugpy\_vendored\pydevd\_pydevd_bundle\pydevd_comm.py - _on_run
0.00s - SKIP set tracing of frame: C:\Python\Python39\lib\site-packages\debugpy\_vendored\pydevd\_pydevd_bundle\pydevd_daemon_thread.py - run
0.00s - SKIP set tracing of frame: C:\Python\Python39\Lib\threading.py - _bootstrap_inner
0.00s - SKIP set tracing of frame: C:\Python\Python39\Lib\threading.py - _bootstrap
0.00s - SKIP set tracing of frame: C:\Python\Python39\Lib\threading.py - wait
0.00s - SKIP set tracing of frame: C:\Python\Python39\Lib\queue.py - get
0.00s - SKIP set tracing of frame: C:\Python\Python39\lib\site-packages\debugpy\_vendored\pydevd\_pydevd_bundle\pydevd_comm.py - _on_run
0.00s - SKIP set tracing of frame: C:\Python\Python39\lib\site-packages\debugpy\_vendored\pydevd\_pydevd_bundle\pydevd_daemon_thread.py - run
0.00s - SKIP set tracing of frame: C:\Python\Python39\Lib\threading.py - _bootstrap_inner
0.00s - SKIP set tracing of frame: C:\Python\Python39\Lib\threading.py - _bootstrap
0.00s - SKIP set tracing of frame: C:\Python\Python39\lib\site-packages\debugpy\_vendored\pydevd\pydevd.py - set_tracing_for_untraced_contexts
0.00s - SKIP set tracing of frame: C:\Python\Python39\lib\site-packages\debugpy\_vendored\pydevd\pydevd.py - _locked_settrace
0.00s - SKIP set tracing of frame: C:\Python\Python39\lib\site-packages\debugpy\_vendored\pydevd\pydevd.py - settrace
0.00s - SKIP set tracing of frame: C:\Python\Python39\lib\site-packages\debugpy\server\api.py - _settrace
0.00s - SKIP set tracing of frame: C:\Python\Python39\lib\site-packages\debugpy\server\api.py - listen
0.00s - SKIP set tracing of frame: C:\Python\Python39\lib\site-packages\debugpy\server\api.py - debug
0.00s - SKIP set tracing of frame: C:\Python\Python39\lib\site-packages\debugpy\public_api.py - wrapper
0.00s - Set tracing of frame: debugging.py - <module>
0.00s - SKIP set tracing of frame: C:\Python\Python39\lib\site-packages\debugpy\_vendored\pydevd\pydevd.py - settrace
0.00s - SKIP set tracing of frame: C:\Python\Python39\lib\site-packages\debugpy\server\api.py - _settrace
0.00s - SKIP set tracing of frame: C:\Python\Python39\lib\site-packages\debugpy\server\api.py - listen
0.00s - SKIP set tracing of frame: C:\Python\Python39\lib\site-packages\debugpy\server\api.py - debug
0.00s - SKIP set tracing of frame: C:\Python\Python39\lib\site-packages\debugpy\public_api.py - wrapper
12.59s - Process PydevdAuthorizeRequest: {
    "arguments": {
        "debugServerAccessToken": "bf9deeb01e6df9228674339c879032107353e951ce8044a1d5d13dab7bbf2c1b"
    },
    "command": "pydevdAuthorize",
    "seq": 3,
    "type": "request"
}

0.00s - sending cmd (http_json) -->           CMD_RETURN {"type": "response", "request_seq": 3, "success": true, "command": "pydevdAuthorize", "body": {"clientAccessToken": null}, "seq": 6, "pydevd_cmd_id": 502}

0.00s - Process InitializeRequest: {
    "arguments": {
        "adapterID": "python",
        "clientID": "vscode",
        "clientName": "Visual Studio Code",
        "columnsStartAt1": true,
        "linesStartAt1": true,
        "locale": "en",
        "pathFormat": "path",
        "supportsArgsCanBeInterpretedByShell": true,
        "supportsInvalidatedEvent": true,
        "supportsMemoryEvent": true,
        "supportsMemoryReferences": true,
        "supportsProgressReporting": true,
        "supportsRunInTerminalRequest": true,
        "supportsStartDebuggingRequest": true,
        "supportsVariablePaging": true,
        "supportsVariableType": true
    },
    "command": "initialize",
    "seq": 4,
    "type": "request"
}

0.00s - sending cmd (http_json) -->           CMD_RETURN {"type": "response", "request_seq": 4, "success": true, "command": "initialize", "seq": 8, "body": {"supportsConfigurationDoneRequest": true, "supportsFunctionBreakpoints": true, "supportsConditionalBreakpoints": true, "supportsHitConditionalBreakpoints": true, "supportsEvaluateForHovers": true, "exceptionBreakpointFilters": [{"filter": "raised", "label": "Raised Exceptions", "default": false}, {"filter": "uncaught", "label": "Uncaught Exceptions", "default": true}, {"filter": "userUnhandled", "label": "User Uncaught Exceptions", "default": false}], "supportsStepBack": false, "supportsSetVariable": true, "supportsRestartFrame": false, "supportsGotoTargetsRequest": true, "supportsStepInTargetsRequest": true, "supportsCompletionsRequest": true, "completionTriggerCharacters": [], "supportsModulesRequest": true, "additionalModuleColumns": [], "supportedChecksumAlgorithms": [], "supportsRestartRequest": false, "supportsExceptionOptions": true, "supportsValueFormattingOptions": true, "supportsExceptionInfoRequest": true, "supportTerminateDebuggee": true, "supportsDelayedStackTraceLoading": true, "supportsLoadedSourcesRequest": false, "supportsLogPoints": true, "supportsTerminateThreadsRequest": false, "supportsSetExpression": true, "supportsTerminateRequest": true, "supportsDataBreakpoints": false, "supportsReadMemoryRequest": false, "supportsDisassembleRequest": false, "supportsClipboardContext": true, "supportsDebuggerProperties": true, "pydevd": {"processId": 231712}}, "pydevd_cmd_id": 502}

0.00s - Process AttachRequest: {
    "arguments": {
        "__configurationTarget": 6,
        "__sessionId": "e37e7dff-3d0f-46a9-aa82-f31504814da9",
        "clientOS": "windows",
        "connect": {
            "host": "localhost",
            "port": 5678
        },
        "debugOptions": [
            "ShowReturnValue"
        ],
        "justMyCode": true,
        "logToFile": true,
        "name": "Python: Remote Attach",
        "pathMappings": [
            {
                "localRoot": "D:\\repos\\github\\feeefeee\\debugpy11/src/app1/app1",
                "remoteRoot": "."
            }
        ],
        "redirectOutput": false,
        "request": "attach",
        "showReturnValue": true,
        "type": "python",
        "workspaceFolder": "d:\\repos\\github\\feeefeee\\debugpy11"
    },
    "command": "attach",
    "seq": 5,
    "type": "request"
}

0.00s - sending cmd (http_json) -->    CMD_PROCESS_EVENT {"type": "event", "event": "process", "body": {"name": "", "systemProcessId": 231712, "isLocalProcess": true, "startMethod": "attach"}, "seq": 10, "pydevd_cmd_id": 204}

0.00s - pydevd: Use libraries filter: True

0.00s - Show return values: True
0.00s - sending cmd (http_json) -->           CMD_RETURN {"type": "event", "event": "initialized", "seq": 12, "pydevd_cmd_id": 502}

0.00s - sending cmd (http_json) -->           CMD_RETURN {"type": "response", "request_seq": 5, "success": true, "command": "attach", "seq": 14, "pydevd_cmd_id": 502}

0.00s - Process SetBreakpointsRequest: {
    "arguments": {
        "breakpoints": [
            {
                "line": 2
            },
            {
                "line": 6
            }
        ],
        "lines": [
            2,
            6
        ],
        "source": {
            "name": "testing.py",
            "path": "d:\\repos\\github\\feeefeee\\debugpy11\\src\\app1\\app1\\testing.py"
        },
        "sourceModified": false
    },
    "command": "setBreakpoints",
    "seq": 6,
    "type": "request"
}

0.00s - Request for breakpoint in: d:\repos\github\feeefeee\debugpy11\src\app1\app1\testing.py line: 2
0.00s - Breakpoint (after path translation) in: d:\repos\github\feeefeee\debugpy11\src\app1\app1\testing.py line: 2
0.00s - File traced: d:\repos\github\feeefeee\debugpy11\src\app1\app1\testing.py
0.00s - Added breakpoint:d:\repos\github\feeefeee\debugpy11\src\app1\app1\testing.py - line:2 - func_name:None

0.00s - SKIP set tracing of frame: C:\Python\Python39\Lib\threading.py - wait
0.00s - SKIP set tracing of frame: C:\Python\Python39\Lib\threading.py - wait
0.00s - SKIP set tracing of frame: C:\Python\Python39\lib\site-packages\debugpy\_vendored\pydevd\pydevd.py - _on_run
0.00s - SKIP set tracing of frame: C:\Python\Python39\lib\site-packages\debugpy\_vendored\pydevd\_pydevd_bundle\pydevd_daemon_thread.py - run
0.00s - SKIP set tracing of frame: C:\Python\Python39\Lib\threading.py - _bootstrap_inner
0.00s - SKIP set tracing of frame: C:\Python\Python39\Lib\threading.py - _bootstrap
0.00s - SKIP set tracing of frame: C:\Python\Python39\Lib\threading.py - wait
0.00s - SKIP set tracing of frame: C:\Python\Python39\Lib\threading.py - wait
0.00s - SKIP set tracing of frame: C:\Python\Python39\lib\site-packages\debugpy\_vendored\pydevd\pydevd.py - _on_run
0.00s - SKIP set tracing of frame: C:\Python\Python39\lib\site-packages\debugpy\_vendored\pydevd\_pydevd_bundle\pydevd_daemon_thread.py - run
0.00s - SKIP set tracing of frame: C:\Python\Python39\Lib\threading.py - _bootstrap_inner
0.00s - SKIP set tracing of frame: C:\Python\Python39\Lib\threading.py - _bootstrap
0.00s - SKIP set tracing of frame: C:\Python\Python39\lib\site-packages\debugpy\_vendored\pydevd\pydevd.py - set_tracing_for_untraced_contexts
0.00s - SKIP set tracing of frame: C:\Python\Python39\lib\site-packages\debugpy\_vendored\pydevd\pydevd.py - on_breakpoints_changed
0.00s - SKIP set tracing of frame: C:\Python\Python39\lib\site-packages\debugpy\_vendored\pydevd\_pydevd_bundle\pydevd_api.py - add_breakpoint
0.00s - SKIP set tracing of frame: C:\Python\Python39\lib\site-packages\debugpy\_vendored\pydevd\_pydevd_bundle\pydevd_process_net_command_json.py - on_setbreakpoints_request
0.00s - SKIP set tracing of frame: C:\Python\Python39\lib\site-packages\debugpy\_vendored\pydevd\_pydevd_bundle\pydevd_process_net_command_json.py - process_net_command_json
0.00s - SKIP set tracing of frame: C:\Python\Python39\lib\site-packages\debugpy\_vendored\pydevd\_pydevd_bundle\pydevd_comm.py - _on_run
0.00s - SKIP set tracing of frame: C:\Python\Python39\lib\site-packages\debugpy\_vendored\pydevd\_pydevd_bundle\pydevd_daemon_thread.py - run
0.00s - SKIP set tracing of frame: C:\Python\Python39\Lib\threading.py - _bootstrap_inner
0.00s - SKIP set tracing of frame: C:\Python\Python39\Lib\threading.py - _bootstrap
0.00s - SKIP set tracing of frame: C:\Python\Python39\Lib\threading.py - wait
0.00s - SKIP set tracing of frame: C:\Python\Python39\Lib\queue.py - get
0.00s - SKIP set tracing of frame: C:\Python\Python39\lib\site-packages\debugpy\_vendored\pydevd\_pydevd_bundle\pydevd_comm.py - _on_run
0.00s - SKIP set tracing of frame: C:\Python\Python39\lib\site-packages\debugpy\_vendored\pydevd\_pydevd_bundle\pydevd_daemon_thread.py - run
0.00s - SKIP set tracing of frame: C:\Python\Python39\Lib\threading.py - _bootstrap_inner
0.00s - SKIP set tracing of frame: C:\Python\Python39\Lib\threading.py - _bootstrap
0.00s - SKIP set tracing of frame: C:\Python\Python39\Lib\threading.py - wait
0.00s - SKIP set tracing of frame: C:\Python\Python39\Lib\threading.py - wait
0.00s - SKIP set tracing of frame: C:\Python\Python39\lib\site-packages\debugpy\_vendored\pydevd\pydevd.py - block_until_configuration_done
0.00s - SKIP set tracing of frame: C:\Python\Python39\lib\site-packages\debugpy\_vendored\pydevd\pydevd.py - _wait_for_attach
0.00s - SKIP set tracing of frame: C:\Python\Python39\lib\site-packages\debugpy\server\api.py - __call__
0.00s - SKIP set tracing of frame: C:\Python\Python39\lib\site-packages\debugpy\public_api.py - wrapper
0.00s - Set tracing of frame: debugging.py - <module>
0.00s - Request for breakpoint in: d:\repos\github\feeefeee\debugpy11\src\app1\app1\testing.py line: 6
0.00s - Breakpoint (after path translation) in: d:\repos\github\feeefeee\debugpy11\src\app1\app1\testing.py line: 6
0.00s - Added breakpoint:d:\repos\github\feeefeee\debugpy11\src\app1\app1\testing.py - line:6 - func_name:None

0.00s - SKIP set tracing of frame: C:\Python\Python39\Lib\threading.py - wait
0.00s - SKIP set tracing of frame: C:\Python\Python39\Lib\threading.py - wait
0.00s - SKIP set tracing of frame: C:\Python\Python39\lib\site-packages\debugpy\_vendored\pydevd\pydevd.py - _on_run
0.00s - SKIP set tracing of frame: C:\Python\Python39\lib\site-packages\debugpy\_vendored\pydevd\_pydevd_bundle\pydevd_daemon_thread.py - run
0.00s - SKIP set tracing of frame: C:\Python\Python39\Lib\threading.py - _bootstrap_inner
0.00s - SKIP set tracing of frame: C:\Python\Python39\Lib\threading.py - _bootstrap
0.00s - SKIP set tracing of frame: C:\Python\Python39\Lib\threading.py - wait
0.00s - SKIP set tracing of frame: C:\Python\Python39\Lib\threading.py - wait
0.00s - SKIP set tracing of frame: C:\Python\Python39\lib\site-packages\debugpy\_vendored\pydevd\pydevd.py - _on_run
0.00s - SKIP set tracing of frame: C:\Python\Python39\lib\site-packages\debugpy\_vendored\pydevd\_pydevd_bundle\pydevd_daemon_thread.py - run
0.00s - SKIP set tracing of frame: C:\Python\Python39\Lib\threading.py - _bootstrap_inner
0.00s - SKIP set tracing of frame: C:\Python\Python39\Lib\threading.py - _bootstrap
0.00s - SKIP set tracing of frame: C:\Python\Python39\lib\site-packages\debugpy\_vendored\pydevd\pydevd.py - set_tracing_for_untraced_contexts
0.00s - SKIP set tracing of frame: C:\Python\Python39\lib\site-packages\debugpy\_vendored\pydevd\pydevd.py - on_breakpoints_changed
0.00s - SKIP set tracing of frame: C:\Python\Python39\lib\site-packages\debugpy\_vendored\pydevd\_pydevd_bundle\pydevd_api.py - add_breakpoint
0.00s - SKIP set tracing of frame: C:\Python\Python39\lib\site-packages\debugpy\_vendored\pydevd\_pydevd_bundle\pydevd_process_net_command_json.py - on_setbreakpoints_request
0.00s - SKIP set tracing of frame: C:\Python\Python39\lib\site-packages\debugpy\_vendored\pydevd\_pydevd_bundle\pydevd_process_net_command_json.py - process_net_command_json
0.00s - SKIP set tracing of frame: C:\Python\Python39\lib\site-packages\debugpy\_vendored\pydevd\_pydevd_bundle\pydevd_comm.py - _on_run
0.00s - SKIP set tracing of frame: C:\Python\Python39\lib\site-packages\debugpy\_vendored\pydevd\_pydevd_bundle\pydevd_daemon_thread.py - run
0.00s - SKIP set tracing of frame: C:\Python\Python39\Lib\threading.py - _bootstrap_inner
0.00s - SKIP set tracing of frame: C:\Python\Python39\Lib\threading.py - _bootstrap
0.00s - SKIP set tracing of frame: C:\Python\Python39\Lib\threading.py - wait
0.00s - SKIP set tracing of frame: C:\Python\Python39\Lib\queue.py - get
0.00s - SKIP set tracing of frame: C:\Python\Python39\lib\site-packages\debugpy\_vendored\pydevd\_pydevd_bundle\pydevd_comm.py - _on_run
0.00s - SKIP set tracing of frame: C:\Python\Python39\lib\site-packages\debugpy\_vendored\pydevd\_pydevd_bundle\pydevd_daemon_thread.py - run
0.00s - SKIP set tracing of frame: C:\Python\Python39\Lib\threading.py - _bootstrap_inner
0.00s - SKIP set tracing of frame: C:\Python\Python39\Lib\threading.py - _bootstrap
0.00s - SKIP set tracing of frame: C:\Python\Python39\Lib\threading.py - wait
0.00s - SKIP set tracing of frame: C:\Python\Python39\Lib\threading.py - wait
0.00s - SKIP set tracing of frame: C:\Python\Python39\lib\site-packages\debugpy\_vendored\pydevd\pydevd.py - block_until_configuration_done
0.00s - SKIP set tracing of frame: C:\Python\Python39\lib\site-packages\debugpy\_vendored\pydevd\pydevd.py - _wait_for_attach
0.00s - SKIP set tracing of frame: C:\Python\Python39\lib\site-packages\debugpy\server\api.py - __call__
0.00s - SKIP set tracing of frame: C:\Python\Python39\lib\site-packages\debugpy\public_api.py - wrapper
0.00s - sending cmd (http_json) -->           CMD_RETURN {"type": "response", "request_seq": 6, "success": true, "command": "setBreakpoints", "body": {"breakpoints": [{"verified": true, "id": 0, "source": {"name": "testing.py", "path": "d:\\repos\\github\\feeefeee\\debugpy11\\src\\app1\\app1\\testing.py"}, "line": 2}, {"verified": true, "id": 1, "source": {"name": "testing.py", "path": "d:\\repos\\github\\feeefeee\\debugpy11\\src\\app1\\app1\\testing.py"}, "line": 6}]}, "seq": 16, "pydevd_cmd_id": 502}

0.00s - Process SetFunctionBreakpointsRequest: {
    "arguments": {
        "breakpoints": []
    },
    "command": "setFunctionBreakpoints",
    "seq": 7,
    "type": "request"
}

0.00s - SKIP set tracing of frame: C:\Python\Python39\Lib\threading.py - wait
0.00s - SKIP set tracing of frame: C:\Python\Python39\Lib\threading.py - wait
0.00s - SKIP set tracing of frame: C:\Python\Python39\lib\site-packages\debugpy\_vendored\pydevd\pydevd.py - _on_run
0.00s - SKIP set tracing of frame: C:\Python\Python39\lib\site-packages\debugpy\_vendored\pydevd\_pydevd_bundle\pydevd_daemon_thread.py - run
0.00s - SKIP set tracing of frame: C:\Python\Python39\Lib\threading.py - _bootstrap_inner
0.00s - SKIP set tracing of frame: C:\Python\Python39\Lib\threading.py - _bootstrap
0.00s - SKIP set tracing of frame: C:\Python\Python39\Lib\threading.py - wait
0.00s - SKIP set tracing of frame: C:\Python\Python39\Lib\threading.py - wait
0.00s - SKIP set tracing of frame: C:\Python\Python39\lib\site-packages\debugpy\_vendored\pydevd\pydevd.py - _on_run
0.00s - SKIP set tracing of frame: C:\Python\Python39\lib\site-packages\debugpy\_vendored\pydevd\_pydevd_bundle\pydevd_daemon_thread.py - run
0.00s - SKIP set tracing of frame: C:\Python\Python39\Lib\threading.py - _bootstrap_inner
0.00s - SKIP set tracing of frame: C:\Python\Python39\Lib\threading.py - _bootstrap
0.00s - SKIP set tracing of frame: C:\Python\Python39\lib\site-packages\debugpy\_vendored\pydevd\pydevd.py - set_tracing_for_untraced_contexts
0.00s - SKIP set tracing of frame: C:\Python\Python39\lib\site-packages\debugpy\_vendored\pydevd\pydevd.py - on_breakpoints_changed
0.00s - SKIP set tracing of frame: C:\Python\Python39\lib\site-packages\debugpy\_vendored\pydevd\_pydevd_bundle\pydevd_api.py - set_function_breakpoints
0.00s - SKIP set tracing of frame: C:\Python\Python39\lib\site-packages\debugpy\_vendored\pydevd\_pydevd_bundle\pydevd_process_net_command_json.py - on_setfunctionbreakpoints_request
0.00s - SKIP set tracing of frame: C:\Python\Python39\lib\site-packages\debugpy\_vendored\pydevd\_pydevd_bundle\pydevd_process_net_command_json.py - process_net_command_json
0.00s - SKIP set tracing of frame: C:\Python\Python39\lib\site-packages\debugpy\_vendored\pydevd\_pydevd_bundle\pydevd_comm.py - _on_run
0.00s - SKIP set tracing of frame: C:\Python\Python39\lib\site-packages\debugpy\_vendored\pydevd\_pydevd_bundle\pydevd_daemon_thread.py - run
0.00s - SKIP set tracing of frame: C:\Python\Python39\Lib\threading.py - _bootstrap_inner
0.00s - SKIP set tracing of frame: C:\Python\Python39\Lib\threading.py - _bootstrap
0.00s - SKIP set tracing of frame: C:\Python\Python39\Lib\threading.py - wait
0.00s - SKIP set tracing of frame: C:\Python\Python39\Lib\queue.py - get
0.00s - SKIP set tracing of frame: C:\Python\Python39\lib\site-packages\debugpy\_vendored\pydevd\_pydevd_bundle\pydevd_comm.py - _on_run
0.00s - SKIP set tracing of frame: C:\Python\Python39\lib\site-packages\debugpy\_vendored\pydevd\_pydevd_bundle\pydevd_daemon_thread.py - run
0.00s - SKIP set tracing of frame: C:\Python\Python39\Lib\threading.py - _bootstrap_inner
0.00s - SKIP set tracing of frame: C:\Python\Python39\Lib\threading.py - _bootstrap
0.00s - SKIP set tracing of frame: C:\Python\Python39\Lib\threading.py - wait
0.00s - SKIP set tracing of frame: C:\Python\Python39\Lib\threading.py - wait
0.00s - SKIP set tracing of frame: C:\Python\Python39\lib\site-packages\debugpy\_vendored\pydevd\pydevd.py - block_until_configuration_done
0.00s - SKIP set tracing of frame: C:\Python\Python39\lib\site-packages\debugpy\_vendored\pydevd\pydevd.py - _wait_for_attach
0.00s - SKIP set tracing of frame: C:\Python\Python39\lib\site-packages\debugpy\server\api.py - __call__
0.00s - SKIP set tracing of frame: C:\Python\Python39\lib\site-packages\debugpy\public_api.py - wrapper
0.00s - sending cmd (http_json) -->           CMD_RETURN {"type": "response", "request_seq": 7, "success": true, "command": "setFunctionBreakpoints", "body": {"breakpoints": []}, "seq": 18, "pydevd_cmd_id": 502}

0.00s - Process SetExceptionBreakpointsRequest: {
    "arguments": {
        "filters": [
            "uncaught"
        ]
    },
    "command": "setExceptionBreakpoints",
    "seq": 8,
    "type": "request"
}

0.00s - Exceptions to hook on terminate: {'BaseException': <_pydevd_bundle.pydevd_breakpoints.ExceptionBreakpoint object at 0x000001B4348055E0>}.
0.00s - SKIP set tracing of frame: C:\Python\Python39\Lib\threading.py - wait
0.00s - SKIP set tracing of frame: C:\Python\Python39\Lib\threading.py - wait
0.00s - SKIP set tracing of frame: C:\Python\Python39\lib\site-packages\debugpy\_vendored\pydevd\pydevd.py - _on_run
0.00s - SKIP set tracing of frame: C:\Python\Python39\lib\site-packages\debugpy\_vendored\pydevd\_pydevd_bundle\pydevd_daemon_thread.py - run
0.00s - SKIP set tracing of frame: C:\Python\Python39\Lib\threading.py - _bootstrap_inner
0.00s - SKIP set tracing of frame: C:\Python\Python39\Lib\threading.py - _bootstrap
0.00s - SKIP set tracing of frame: C:\Python\Python39\Lib\threading.py - wait
0.00s - SKIP set tracing of frame: C:\Python\Python39\Lib\threading.py - wait
0.00s - SKIP set tracing of frame: C:\Python\Python39\lib\site-packages\debugpy\_vendored\pydevd\pydevd.py - _on_run
0.00s - SKIP set tracing of frame: C:\Python\Python39\lib\site-packages\debugpy\_vendored\pydevd\_pydevd_bundle\pydevd_daemon_thread.py - run
0.00s - SKIP set tracing of frame: C:\Python\Python39\Lib\threading.py - _bootstrap_inner
0.00s - SKIP set tracing of frame: C:\Python\Python39\Lib\threading.py - _bootstrap
0.00s - SKIP set tracing of frame: C:\Python\Python39\lib\site-packages\debugpy\_vendored\pydevd\pydevd.py - set_tracing_for_untraced_contexts
0.00s - SKIP set tracing of frame: C:\Python\Python39\lib\site-packages\debugpy\_vendored\pydevd\pydevd.py - on_breakpoints_changed
0.00s - SKIP set tracing of frame: C:\Python\Python39\lib\site-packages\debugpy\_vendored\pydevd\_pydevd_bundle\pydevd_api.py - add_python_exception_breakpoint
0.00s - SKIP set tracing of frame: C:\Python\Python39\lib\site-packages\debugpy\_vendored\pydevd\_pydevd_bundle\pydevd_process_net_command_json.py - on_setexceptionbreakpoints_request
0.00s - SKIP set tracing of frame: C:\Python\Python39\lib\site-packages\debugpy\_vendored\pydevd\_pydevd_bundle\pydevd_process_net_command_json.py - process_net_command_json
0.00s - SKIP set tracing of frame: C:\Python\Python39\lib\site-packages\debugpy\_vendored\pydevd\_pydevd_bundle\pydevd_comm.py - _on_run
0.00s - SKIP set tracing of frame: C:\Python\Python39\lib\site-packages\debugpy\_vendored\pydevd\_pydevd_bundle\pydevd_daemon_thread.py - run
0.00s - SKIP set tracing of frame: C:\Python\Python39\Lib\threading.py - _bootstrap_inner
0.00s - SKIP set tracing of frame: C:\Python\Python39\Lib\threading.py - _bootstrap
0.00s - SKIP set tracing of frame: C:\Python\Python39\Lib\threading.py - wait
0.00s - SKIP set tracing of frame: C:\Python\Python39\Lib\queue.py - get
0.00s - SKIP set tracing of frame: C:\Python\Python39\lib\site-packages\debugpy\_vendored\pydevd\_pydevd_bundle\pydevd_comm.py - _on_run
0.00s - SKIP set tracing of frame: C:\Python\Python39\lib\site-packages\debugpy\_vendored\pydevd\_pydevd_bundle\pydevd_daemon_thread.py - run
0.00s - SKIP set tracing of frame: C:\Python\Python39\Lib\threading.py - _bootstrap_inner
0.00s - SKIP set tracing of frame: C:\Python\Python39\Lib\threading.py - _bootstrap
0.00s - SKIP set tracing of frame: C:\Python\Python39\Lib\threading.py - wait
0.00s - SKIP set tracing of frame: C:\Python\Python39\Lib\threading.py - wait
0.00s - SKIP set tracing of frame: C:\Python\Python39\lib\site-packages\debugpy\_vendored\pydevd\pydevd.py - block_until_configuration_done
0.00s - SKIP set tracing of frame: C:\Python\Python39\lib\site-packages\debugpy\_vendored\pydevd\pydevd.py - _wait_for_attach
0.00s - SKIP set tracing of frame: C:\Python\Python39\lib\site-packages\debugpy\server\api.py - __call__
0.00s - SKIP set tracing of frame: C:\Python\Python39\lib\site-packages\debugpy\public_api.py - wrapper
0.00s - sending cmd (http_json) -->           CMD_RETURN {"type": "response", "request_seq": 8, "success": true, "command": "setExceptionBreakpoints", "seq": 20, "body": {}, "pydevd_cmd_id": 502}

0.03s - File not traced (not in project - force_check_project_scope): C:\Python\Python39\Lib\json\__init__.py
0.00s - File not traced (not in project - force_check_project_scope): C:\Python\Python39\Lib\json\encoder.py
0.00s - sending cmd (http_json) -->    CMD_THREAD_CREATE {"type": "event", "event": "thread", "body": {"reason": "started", "threadId": 1}, "seq": 22, "pydevd_cmd_id": 103}

0.02s - Process ConfigurationDoneRequest: {
    "arguments": {},
    "command": "configurationDone",
    "seq": 9,
    "type": "request"
}

0.00s - sending cmd (http_json) -->           CMD_RETURN {"type": "response", "request_seq": 9, "success": true, "command": "configurationDone", "seq": 24, "pydevd_cmd_id": 502}

0.00s - File traced: D:\repos\github\feeefeee\debugpy11\src\app1\app1\debugging.py
36.70s - Process ThreadsRequest: {
    "command": "threads",
    "seq": 10,
    "type": "request"
}

0.00s - sending cmd (http_json) -->           CMD_RETURN {"type": "response", "request_seq": 10, "success": true, "command": "threads", "body": {"threads": [{"id": 1, "name": "MainThread"}]}, "seq": 26, "pydevd_cmd_id": 502}

0.00s - File traced: D:\repos\github\feeefeee\debugpy11\src\app1\app1\testing.py
0.00s - Suspending all threads except: <_MainThread(MainThread, started 223940)>
0.00s - PyDB.do_wait_suspend
name: <module> (line: 2)
 file: testing.py
 event: line
 arg: None
 step: CMD_STEP_INTO (original step: <Unknown: -1>)
 thread: <_MainThread(MainThread, started 223940)>, thread id: pid_231712_id_1873468871296, id(thread): 1873468871296
0.00s -   Stack: testing.py, <module>, 2
0.00s - Sending suspend notification.
0.00s - sending cmd (http_json) --> CMD_THREAD_SUSPEND_SINGLE_NOTIFICATION {"type": "event", "event": "stopped", "body": {"reason": "breakpoint", "threadId": 1, "preserveFocusHint": false, "allThreadsStopped": true}, "seq": 28, "pydevd_cmd_id": 157}

0.00s - Process ThreadsRequest: {
    "command": "threads",
    "seq": 11,
    "type": "request"
}

0.00s - sending cmd (http_json) -->           CMD_RETURN {"type": "response", "request_seq": 11, "success": true, "command": "threads", "body": {"threads": [{"id": 1, "name": "MainThread"}]}, "seq": 30, "pydevd_cmd_id": 502}

0.03s - Process ThreadsRequest: {
    "command": "threads",
    "seq": 12,
    "type": "request"
}

0.00s - sending cmd (http_json) -->           CMD_RETURN {"type": "response", "request_seq": 12, "success": true, "command": "threads", "body": {"threads": [{"id": 1, "name": "MainThread"}]}, "seq": 32, "pydevd_cmd_id": 502}

0.01s - Process StackTraceRequest: {
    "arguments": {
        "format": {},
        "levels": 1,
        "startFrame": 0,
        "threadId": 1
    },
    "command": "stackTrace",
    "seq": 13,
    "type": "request"
}

0.00s - sending cmd (http_json) -->     CMD_MODULE_EVENT {"type": "event", "event": "module", "body": {"reason": "new", "module": {"id": 0, "name": "__main__", "path": "D:\\repos\\github\\feeefeee\\debugpy11\\src\\app1\\app1\\testing.py", "package": "None"}}, "seq": 34, "pydevd_cmd_id": 203}

0.00s - sending cmd (http_json) -->           CMD_RETURN {"type": "response", "request_seq": 13, "success": true, "command": "stackTrace", "body": {"stackFrames": [{"id": 2, "name": "<module>", "line": 2, "column": 1, "source": {"path": "D:\\repos\\github\\feeefeee\\debugpy11\\src\\app1\\app1\\testing.py", "sourceReference": 0}}], "totalFrames": 1}, "seq": 36, "pydevd_cmd_id": 502}

0.42s - Process ScopesRequest: {
    "arguments": {
        "frameId": 2
    },
    "command": "scopes",
    "seq": 14,
    "type": "request"
}

0.00s - sending cmd (http_json) -->           CMD_RETURN {"type": "response", "request_seq": 14, "success": true, "command": "scopes", "body": {"scopes": [{"name": "Locals", "variablesReference": 3, "expensive": false, "presentationHint": "locals", "source": {}}, {"name": "Globals", "variablesReference": 4, "expensive": false, "source": {}}]}, "seq": 38, "pydevd_cmd_id": 502}

0.01s - Process VariablesRequest: {
    "arguments": {
        "format": {},
        "variablesReference": 3
    },
    "command": "variables",
    "seq": 15,
    "type": "request"
}

0.00s - processing internal command: InternalThreadCommands(<function internal_get_variable_json at 0x000001B434751D30>, (<_pydevd_bundle._debug_adapter.pydevd_schema.VariablesRequest object at 0x000001B4348028E0>,), {})
0.00s - sending cmd (http_json) -->           CMD_RETURN {"type": "response", "request_seq": 15, "success": true, "command": "variables", "body": {"variables": [{"name": "special variables", "value": "", "type": "", "evaluateName": "special variables", "variablesReference": 5}, {"name": "debugpy", "value": "<module 'debugpy' from 'C:\\\\Python\\\\Python39\\\\lib\\\\site-packages\\\\debugpy\\\\__init__.py'>", "type": "module", "evaluateName": "debugpy", "variablesReference": 6}, {"name": "os", "value": "<module 'os' from 'C:\\\\Python\\\\Python39\\\\Lib\\\\os.py'>", "type": "module", "evaluateName": "os", "variablesReference": 7}, {"name": "sys", "value": "<module 'sys' (built-in)>", "type": "module", "evaluateName": "sys", "variablesReference": 8}]}, "seq": 40, "pydevd_cmd_id": 502}

0.00s - Process StackTraceRequest: {
    "arguments": {
        "format": {},
        "levels": 19,
        "startFrame": 1,
        "threadId": 1
    },
    "command": "stackTrace",
    "seq": 16,
    "type": "request"
}

0.00s - sending cmd (http_json) -->           CMD_RETURN {"type": "response", "request_seq": 16, "success": true, "command": "stackTrace", "body": {"stackFrames": [], "totalFrames": 1}, "seq": 42, "pydevd_cmd_id": 502}

2.55s - Process ContinueRequest: {
    "arguments": {
        "threadId": "*"
    },
    "command": "continue",
    "seq": 17,
    "type": "request"
}

0.00s - Resuming threads: * (except thread: None)
0.00s - Sending resume notification.
0.00s - sending cmd (http_json) --> CMD_THREAD_RESUME_SINGLE_NOTIFICATION {"type": "event", "event": "continued", "body": {"threadId": 1, "allThreadsContinued": true}, "seq": 44, "pydevd_cmd_id": 158}

0.00s - sending cmd (http_json) -->           CMD_RETURN {"type": "response", "request_seq": 17, "success": true, "command": "continue", "body": {"allThreadsContinued": true}, "seq": 46, "pydevd_cmd_id": 502}

0.00s - Leaving PyDB.do_wait_suspend: <_MainThread(MainThread, started 223940)> (pid_231712_id_1873468871296) 1873468871296
0.00s - Suspending all threads except: <_MainThread(MainThread, started 223940)>
0.00s - PyDB.do_wait_suspend
name: <module> (line: 6)
 file: testing.py
 event: line
 arg: None
 step: CMD_STEP_INTO (original step: <Unknown: -1>)
 thread: <_MainThread(MainThread, started 223940)>, thread id: pid_231712_id_1873468871296, id(thread): 1873468871296
0.00s -   Stack: testing.py, <module>, 6
0.00s - Sending suspend notification.
0.00s - sending cmd (http_json) --> CMD_THREAD_SUSPEND_SINGLE_NOTIFICATION {"type": "event", "event": "stopped", "body": {"reason": "breakpoint", "threadId": 1, "preserveFocusHint": false, "allThreadsStopped": true}, "seq": 48, "pydevd_cmd_id": 157}

0.02s - Process ThreadsRequest: {
    "command": "threads",
    "seq": 18,
    "type": "request"
}

0.00s - sending cmd (http_json) -->           CMD_RETURN {"type": "response", "request_seq": 18, "success": true, "command": "threads", "body": {"threads": [{"id": 1, "name": "MainThread"}]}, "seq": 50, "pydevd_cmd_id": 502}

0.00s - Process StackTraceRequest: {
    "arguments": {
        "format": {},
        "levels": 1,
        "startFrame": 0,
        "threadId": 1
    },
    "command": "stackTrace",
    "seq": 19,
    "type": "request"
}

0.00s - sending cmd (http_json) -->           CMD_RETURN {"type": "response", "request_seq": 19, "success": true, "command": "stackTrace", "body": {"stackFrames": [{"id": 2, "name": "<module>", "line": 6, "column": 1, "source": {"path": "D:\\repos\\github\\feeefeee\\debugpy11\\src\\app1\\app1\\testing.py", "sourceReference": 0}}], "totalFrames": 1}, "seq": 52, "pydevd_cmd_id": 502}

0.43s - Process ScopesRequest: {
    "arguments": {
        "frameId": 2
    },
    "command": "scopes",
    "seq": 20,
    "type": "request"
}

0.00s - sending cmd (http_json) -->           CMD_RETURN {"type": "response", "request_seq": 20, "success": true, "command": "scopes", "body": {"scopes": [{"name": "Locals", "variablesReference": 3, "expensive": false, "presentationHint": "locals", "source": {}}, {"name": "Globals", "variablesReference": 4, "expensive": false, "source": {}}]}, "seq": 54, "pydevd_cmd_id": 502}

0.00s - Process VariablesRequest: {
    "arguments": {
        "format": {},
        "variablesReference": 3
    },
    "command": "variables",
    "seq": 21,
    "type": "request"
}

0.01s - processing internal command: InternalThreadCommands(<function internal_get_variable_json at 0x000001B434751D30>, (<_pydevd_bundle._debug_adapter.pydevd_schema.VariablesRequest object at 0x000001B4347BE760>,), {})
0.00s - sending cmd (http_json) -->           CMD_RETURN {"type": "response", "request_seq": 21, "success": true, "command": "variables", "body": {"variables": [{"name": "special variables", "value": "", "type": "", "evaluateName": "special variables", "variablesReference": 9}, {"name": "debugpy", "value": "<module 'debugpy' from 'C:\\\\Python\\\\Python39\\\\lib\\\\site-packages\\\\debugpy\\\\__init__.py'>", "type": "module", "evaluateName": "debugpy", "variablesReference": 6}, {"name": "i", "value": "9", "type": "int", "evaluateName": "i", "variablesReference": 0}, {"name": "os", "value": "<module 'os' from 'C:\\\\Python\\\\Python39\\\\Lib\\\\os.py'>", "type": "module", "evaluateName": "os", "variablesReference": 7}, {"name": "sys", "value": "<module 'sys' (built-in)>", "type": "module", "evaluateName": "sys", "variablesReference": 8}]}, "seq": 56, "pydevd_cmd_id": 502}

0.00s - Process StackTraceRequest: {
    "arguments": {
        "format": {},
        "levels": 19,
        "startFrame": 1,
        "threadId": 1
    },
    "command": "stackTrace",
    "seq": 22,
    "type": "request"
}

0.00s - sending cmd (http_json) -->           CMD_RETURN {"type": "response", "request_seq": 22, "success": true, "command": "stackTrace", "body": {"stackFrames": [], "totalFrames": 1}, "seq": 58, "pydevd_cmd_id": 502}

0.53s - Process ContinueRequest: {
    "arguments": {
        "threadId": "*"
    },
    "command": "continue",
    "seq": 23,
    "type": "request"
}

0.00s - Resuming threads: * (except thread: None)
0.01s - Sending resume notification.
0.00s - sending cmd (http_json) --> CMD_THREAD_RESUME_SINGLE_NOTIFICATION {"type": "event", "event": "continued", "body": {"threadId": 1, "allThreadsContinued": true}, "seq": 60, "pydevd_cmd_id": 158}

0.00s - sending cmd (http_json) -->           CMD_RETURN {"type": "response", "request_seq": 23, "success": true, "command": "continue", "body": {"allThreadsContinued": true}, "seq": 62, "pydevd_cmd_id": 502}

0.00s - Leaving PyDB.do_wait_suspend: <_MainThread(MainThread, started 223940)> (pid_231712_id_1873468871296) 1873468871296
1424.26s - Process ContinueRequest: {
    "arguments": {
        "threadId": "*"
    },
    "command": "continue",
    "seq": 24,
    "type": "request"
}

0.00s - Resuming threads: * (except thread: None)
